<?xml version="1.0" encoding="UTF-8"?>
<robot generator="Robot 4.0 (Python 3.9.2 on win32)" generated="20210322 10:57:43.492" rpa="false" schemaversion="2">
<suite id="s1" name="CadastrarUsuario" source="C:\Users\Prazeres\Desktop\TestAuto\tests\CadastrarUsuario.robot">
<test id="s1-t1" name="Cenário 01: Verificar campos do cadastro">
<kw name="Abrir navegador" library="Cad.usuario" type="SETUP">
<kw name="Open Browser" library="SeleniumLibrary">
<arg>${URL}</arg>
<arg>${BROWSER}</arg>
<doc>Opens a new browser instance to the optional ``url``.</doc>
<msg timestamp="20210322 10:57:43.731" level="INFO">Opening browser 'chrome' to base url 'http://prova.stefanini-jgr.com.br/teste/qa/'.</msg>
<status status="PASS" starttime="20210322 10:57:43.731" endtime="20210322 10:57:47.387"/>
</kw>
<status status="PASS" starttime="20210322 10:57:43.730" endtime="20210322 10:57:47.387"/>
</kw>
<kw name="Dado que estou na página de cadastro 1" library="Cad.usuario">
<kw name="Go To" library="SeleniumLibrary">
<arg>${URL}</arg>
<doc>Navigates the current browser window to the provided ``url``.</doc>
<msg timestamp="20210322 10:57:47.391" level="INFO">Opening url 'http://prova.stefanini-jgr.com.br/teste/qa/'</msg>
<status status="PASS" starttime="20210322 10:57:47.391" endtime="20210322 10:57:47.593"/>
</kw>
<status status="PASS" starttime="20210322 10:57:47.390" endtime="20210322 10:57:47.593"/>
</kw>
<kw name="Então o sistema deve verificar todos os campos vazios" library="Cad.usuario">
<kw name="Element Text Should Be" library="SeleniumLibrary">
<arg>${ID_NOME}</arg>
<arg>${EMPTY}</arg>
<doc>Verifies that element ``locator`` contains exact the text ``expected``.</doc>
<msg timestamp="20210322 10:57:47.598" level="INFO">Verifying element 'id=name' contains exact text ''.</msg>
<status status="PASS" starttime="20210322 10:57:47.597" endtime="20210322 10:57:47.637"/>
</kw>
<kw name="Element Text Should Be" library="SeleniumLibrary">
<arg>${ID_EMAIL}</arg>
<arg>${EMPTY}</arg>
<doc>Verifies that element ``locator`` contains exact the text ``expected``.</doc>
<msg timestamp="20210322 10:57:47.638" level="INFO">Verifying element 'id=email' contains exact text ''.</msg>
<status status="PASS" starttime="20210322 10:57:47.637" endtime="20210322 10:57:47.669"/>
</kw>
<kw name="Element Text Should Be" library="SeleniumLibrary">
<arg>${ID_SENHA}</arg>
<arg>${EMPTY}</arg>
<doc>Verifies that element ``locator`` contains exact the text ``expected``.</doc>
<msg timestamp="20210322 10:57:47.669" level="INFO">Verifying element 'id=password' contains exact text ''.</msg>
<status status="PASS" starttime="20210322 10:57:47.669" endtime="20210322 10:57:47.699"/>
</kw>
<status status="PASS" starttime="20210322 10:57:47.596" endtime="20210322 10:57:47.699"/>
</kw>
<status status="PASS" starttime="20210322 10:57:43.729" endtime="20210322 10:57:47.700"/>
</test>
<test id="s1-t2" name="Cenário 02: Cadastrar usuário sem nome">
<kw name="Abrir navegador" library="Cad.usuario" type="SETUP">
<kw name="Open Browser" library="SeleniumLibrary">
<arg>${URL}</arg>
<arg>${BROWSER}</arg>
<doc>Opens a new browser instance to the optional ``url``.</doc>
<msg timestamp="20210322 10:57:47.703" level="INFO">Opening browser 'chrome' to base url 'http://prova.stefanini-jgr.com.br/teste/qa/'.</msg>
<status status="PASS" starttime="20210322 10:57:47.703" endtime="20210322 10:57:53.344"/>
</kw>
<status status="PASS" starttime="20210322 10:57:47.702" endtime="20210322 10:57:53.345"/>
</kw>
<kw name="Dado que estou na página de cadastro 2" library="Cad.usuario">
<kw name="Go To" library="SeleniumLibrary">
<arg>${URL}</arg>
<doc>Navigates the current browser window to the provided ``url``.</doc>
<msg timestamp="20210322 10:57:53.348" level="INFO">Opening url 'http://prova.stefanini-jgr.com.br/teste/qa/'</msg>
<status status="PASS" starttime="20210322 10:57:53.347" endtime="20210322 10:57:53.542"/>
</kw>
<status status="PASS" starttime="20210322 10:57:53.346" endtime="20210322 10:57:53.542"/>
</kw>
<kw name="Quando insiro apenas e-mail e senha" library="Cad.usuario">
<kw name="Input Text" library="SeleniumLibrary">
<arg>${ID_EMAIL}</arg>
<arg>${EMAIL_COMPLETO}</arg>
<doc>Types the given ``text`` into the text field identified by ``locator``.</doc>
<msg timestamp="20210322 10:57:53.544" level="INFO">Typing text 'flavio_prazeres@outlook.com' into text field 'id=email'.</msg>
<status status="PASS" starttime="20210322 10:57:53.543" endtime="20210322 10:57:53.726"/>
</kw>
<kw name="Input Text" library="SeleniumLibrary">
<arg>${ID_SENHA}</arg>
<arg>${SENHA_COMPLETA}</arg>
<doc>Types the given ``text`` into the text field identified by ``locator``.</doc>
<msg timestamp="20210322 10:57:53.727" level="INFO">Typing text '12345678' into text field 'id=password'.</msg>
<status status="PASS" starttime="20210322 10:57:53.726" endtime="20210322 10:57:53.846"/>
</kw>
<kw name="Click Element" library="SeleniumLibrary">
<arg>${BOTAO_CADASTRAR}</arg>
<doc>Click the element identified by ``locator``.</doc>
<msg timestamp="20210322 10:57:53.847" level="INFO">Clicking element 'id=register'.</msg>
<status status="PASS" starttime="20210322 10:57:53.847" endtime="20210322 10:57:53.915"/>
</kw>
<status status="PASS" starttime="20210322 10:57:53.543" endtime="20210322 10:57:53.916"/>
</kw>
<kw name="Então o sistema deve verificar mensagem de erro &quot;O campo Nome é obrigatório.&quot;" library="Cad.usuario">
<kw name="Wait Until Element Is Visible" library="SeleniumLibrary">
<arg>${NOME_ERRO}</arg>
<doc>Waits until the element ``locator`` is visible.</doc>
<status status="PASS" starttime="20210322 10:57:53.918" endtime="20210322 10:57:53.953"/>
</kw>
<status status="PASS" starttime="20210322 10:57:53.917" endtime="20210322 10:57:53.953"/>
</kw>
<status status="PASS" starttime="20210322 10:57:47.701" endtime="20210322 10:57:53.954"/>
</test>
<test id="s1-t3" name="Cenário 03: Cadastrar usuário sem e-mail">
<kw name="Abrir navegador" library="Cad.usuario" type="SETUP">
<kw name="Open Browser" library="SeleniumLibrary">
<arg>${URL}</arg>
<arg>${BROWSER}</arg>
<doc>Opens a new browser instance to the optional ``url``.</doc>
<msg timestamp="20210322 10:57:53.957" level="INFO">Opening browser 'chrome' to base url 'http://prova.stefanini-jgr.com.br/teste/qa/'.</msg>
<status status="PASS" starttime="20210322 10:57:53.957" endtime="20210322 10:57:59.392"/>
</kw>
<status status="PASS" starttime="20210322 10:57:53.956" endtime="20210322 10:57:59.392"/>
</kw>
<kw name="Dado que estou na página de cadastro 3" library="Cad.usuario">
<kw name="Go To" library="SeleniumLibrary">
<arg>${URL}</arg>
<doc>Navigates the current browser window to the provided ``url``.</doc>
<msg timestamp="20210322 10:57:59.396" level="INFO">Opening url 'http://prova.stefanini-jgr.com.br/teste/qa/'</msg>
<status status="PASS" starttime="20210322 10:57:59.395" endtime="20210322 10:57:59.586"/>
</kw>
<status status="PASS" starttime="20210322 10:57:59.395" endtime="20210322 10:57:59.586"/>
</kw>
<kw name="Quando insiro apenas nome e senha" library="Cad.usuario">
<kw name="Input Text" library="SeleniumLibrary">
<arg>${ID_NOME}</arg>
<arg>${NOME_COMPLETO}</arg>
<doc>Types the given ``text`` into the text field identified by ``locator``.</doc>
<msg timestamp="20210322 10:57:59.588" level="INFO">Typing text 'Flavio Prazeres' into text field 'id=name'.</msg>
<status status="PASS" starttime="20210322 10:57:59.587" endtime="20210322 10:57:59.723"/>
</kw>
<kw name="Input Text" library="SeleniumLibrary">
<arg>${ID_SENHA}</arg>
<arg>${SENHA_COMPLETA}</arg>
<doc>Types the given ``text`` into the text field identified by ``locator``.</doc>
<msg timestamp="20210322 10:57:59.724" level="INFO">Typing text '12345678' into text field 'id=password'.</msg>
<status status="PASS" starttime="20210322 10:57:59.723" endtime="20210322 10:57:59.835"/>
</kw>
<kw name="Click Element" library="SeleniumLibrary">
<arg>${BOTAO_CADASTRAR}</arg>
<doc>Click the element identified by ``locator``.</doc>
<msg timestamp="20210322 10:57:59.836" level="INFO">Clicking element 'id=register'.</msg>
<status status="PASS" starttime="20210322 10:57:59.835" endtime="20210322 10:57:59.892"/>
</kw>
<status status="PASS" starttime="20210322 10:57:59.587" endtime="20210322 10:57:59.892"/>
</kw>
<kw name="Então o sistema deve verificar mensagem de erro &quot;O campo E-mail é obrigatório.&quot;" library="Cad.usuario">
<kw name="Wait Until Element Is Visible" library="SeleniumLibrary">
<arg>${EMAIL_ERRO}</arg>
<doc>Waits until the element ``locator`` is visible.</doc>
<status status="PASS" starttime="20210322 10:57:59.895" endtime="20210322 10:57:59.924"/>
</kw>
<status status="PASS" starttime="20210322 10:57:59.894" endtime="20210322 10:57:59.924"/>
</kw>
<status status="PASS" starttime="20210322 10:57:53.955" endtime="20210322 10:57:59.925"/>
</test>
<test id="s1-t4" name="Cenário 04: Cadastrar usuário sem senha">
<kw name="Abrir navegador" library="Cad.usuario" type="SETUP">
<kw name="Open Browser" library="SeleniumLibrary">
<arg>${URL}</arg>
<arg>${BROWSER}</arg>
<doc>Opens a new browser instance to the optional ``url``.</doc>
<msg timestamp="20210322 10:57:59.929" level="INFO">Opening browser 'chrome' to base url 'http://prova.stefanini-jgr.com.br/teste/qa/'.</msg>
<status status="PASS" starttime="20210322 10:57:59.928" endtime="20210322 10:58:03.568"/>
</kw>
<status status="PASS" starttime="20210322 10:57:59.928" endtime="20210322 10:58:03.568"/>
</kw>
<kw name="Dado que estou na página de cadastro 4" library="Cad.usuario">
<kw name="Go To" library="SeleniumLibrary">
<arg>${URL}</arg>
<doc>Navigates the current browser window to the provided ``url``.</doc>
<msg timestamp="20210322 10:58:03.570" level="INFO">Opening url 'http://prova.stefanini-jgr.com.br/teste/qa/'</msg>
<status status="PASS" starttime="20210322 10:58:03.570" endtime="20210322 10:58:03.781"/>
</kw>
<status status="PASS" starttime="20210322 10:58:03.569" endtime="20210322 10:58:03.781"/>
</kw>
<kw name="Quando insiro apenas nome e e-mail" library="Cad.usuario">
<kw name="Input Text" library="SeleniumLibrary">
<arg>${ID_NOME}</arg>
<arg>${NOME_COMPLETO}</arg>
<doc>Types the given ``text`` into the text field identified by ``locator``.</doc>
<msg timestamp="20210322 10:58:03.783" level="INFO">Typing text 'Flavio Prazeres' into text field 'id=name'.</msg>
<status status="PASS" starttime="20210322 10:58:03.782" endtime="20210322 10:58:03.909"/>
</kw>
<kw name="Input Text" library="SeleniumLibrary">
<arg>${ID_EMAIL}</arg>
<arg>${EMAIL_COMPLETO}</arg>
<doc>Types the given ``text`` into the text field identified by ``locator``.</doc>
<msg timestamp="20210322 10:58:03.909" level="INFO">Typing text 'flavio_prazeres@outlook.com' into text field 'id=email'.</msg>
<status status="PASS" starttime="20210322 10:58:03.909" endtime="20210322 10:58:04.033"/>
</kw>
<kw name="Click Element" library="SeleniumLibrary">
<arg>${BOTAO_CADASTRAR}</arg>
<doc>Click the element identified by ``locator``.</doc>
<msg timestamp="20210322 10:58:04.033" level="INFO">Clicking element 'id=register'.</msg>
<status status="PASS" starttime="20210322 10:58:04.033" endtime="20210322 10:58:04.081"/>
</kw>
<status status="PASS" starttime="20210322 10:58:03.782" endtime="20210322 10:58:04.082"/>
</kw>
<kw name="Então o sistema deve verificar mensagem de erro &quot;O campo Senha é obrigatório.&quot;" library="Cad.usuario">
<kw name="Wait Until Element Is Visible" library="SeleniumLibrary">
<arg>${SENHA_ERRO}</arg>
<doc>Waits until the element ``locator`` is visible.</doc>
<status status="PASS" starttime="20210322 10:58:04.083" endtime="20210322 10:58:04.109"/>
</kw>
<status status="PASS" starttime="20210322 10:58:04.082" endtime="20210322 10:58:04.109"/>
</kw>
<status status="PASS" starttime="20210322 10:57:59.927" endtime="20210322 10:58:04.110"/>
</test>
<test id="s1-t5" name="Cenário 05: Cadastrar usuário sem dados">
<kw name="Abrir navegador" library="Cad.usuario" type="SETUP">
<kw name="Open Browser" library="SeleniumLibrary">
<arg>${URL}</arg>
<arg>${BROWSER}</arg>
<doc>Opens a new browser instance to the optional ``url``.</doc>
<msg timestamp="20210322 10:58:04.113" level="INFO">Opening browser 'chrome' to base url 'http://prova.stefanini-jgr.com.br/teste/qa/'.</msg>
<status status="PASS" starttime="20210322 10:58:04.112" endtime="20210322 10:58:09.790"/>
</kw>
<status status="PASS" starttime="20210322 10:58:04.112" endtime="20210322 10:58:09.791"/>
</kw>
<kw name="Dado que estou na página de cadastro 5" library="Cad.usuario">
<kw name="Go To" library="SeleniumLibrary">
<arg>${URL}</arg>
<doc>Navigates the current browser window to the provided ``url``.</doc>
<msg timestamp="20210322 10:58:09.792" level="INFO">Opening url 'http://prova.stefanini-jgr.com.br/teste/qa/'</msg>
<status status="PASS" starttime="20210322 10:58:09.792" endtime="20210322 10:58:09.990"/>
</kw>
<status status="PASS" starttime="20210322 10:58:09.791" endtime="20210322 10:58:09.991"/>
</kw>
<kw name="Quando aperto o botão &quot;Cadastrar&quot; sem nenhum dado informado nos campos" library="Cad.usuario">
<kw name="Click Element" library="SeleniumLibrary">
<arg>${BOTAO_CADASTRAR}</arg>
<doc>Click the element identified by ``locator``.</doc>
<msg timestamp="20210322 10:58:09.992" level="INFO">Clicking element 'id=register'.</msg>
<status status="PASS" starttime="20210322 10:58:09.992" endtime="20210322 10:58:10.080"/>
</kw>
<status status="PASS" starttime="20210322 10:58:09.991" endtime="20210322 10:58:10.080"/>
</kw>
<kw name="Então o sistema deve verificar mensagem de erro: &quot;O campo Nome é obrigatório.&quot;,&quot;O campo E-mail é obrigatório.&quot;,&quot;O campo Senha é obrigatório.&quot;" library="Cad.usuario">
<kw name="Wait Until Element Is Visible" library="SeleniumLibrary">
<arg>${NOME_ERRO}</arg>
<doc>Waits until the element ``locator`` is visible.</doc>
<status status="PASS" starttime="20210322 10:58:10.081" endtime="20210322 10:58:10.126"/>
</kw>
<kw name="Wait Until Element Is Visible" library="SeleniumLibrary">
<arg>${EMAIL_ERRO}</arg>
<doc>Waits until the element ``locator`` is visible.</doc>
<status status="PASS" starttime="20210322 10:58:10.127" endtime="20210322 10:58:10.161"/>
</kw>
<kw name="Wait Until Element Is Visible" library="SeleniumLibrary">
<arg>${SENHA_ERRO}</arg>
<doc>Waits until the element ``locator`` is visible.</doc>
<status status="PASS" starttime="20210322 10:58:10.161" endtime="20210322 10:58:10.187"/>
</kw>
<status status="PASS" starttime="20210322 10:58:10.081" endtime="20210322 10:58:10.187"/>
</kw>
<status status="PASS" starttime="20210322 10:58:04.111" endtime="20210322 10:58:10.187"/>
</test>
<test id="s1-t6" name="Cenário 06: Cadastrar usuário sem nome completo">
<kw name="Abrir navegador" library="Cad.usuario" type="SETUP">
<kw name="Open Browser" library="SeleniumLibrary">
<arg>${URL}</arg>
<arg>${BROWSER}</arg>
<doc>Opens a new browser instance to the optional ``url``.</doc>
<msg timestamp="20210322 10:58:10.192" level="INFO">Opening browser 'chrome' to base url 'http://prova.stefanini-jgr.com.br/teste/qa/'.</msg>
<status status="PASS" starttime="20210322 10:58:10.191" endtime="20210322 10:58:13.933"/>
</kw>
<status status="PASS" starttime="20210322 10:58:10.190" endtime="20210322 10:58:13.933"/>
</kw>
<kw name="Dado que estou na página de cadastro 6" library="Cad.usuario">
<kw name="Go To" library="SeleniumLibrary">
<arg>${URL}</arg>
<doc>Navigates the current browser window to the provided ``url``.</doc>
<msg timestamp="20210322 10:58:13.936" level="INFO">Opening url 'http://prova.stefanini-jgr.com.br/teste/qa/'</msg>
<status status="PASS" starttime="20210322 10:58:13.935" endtime="20210322 10:58:14.122"/>
</kw>
<status status="PASS" starttime="20210322 10:58:13.935" endtime="20210322 10:58:14.123"/>
</kw>
<kw name="Quando insiro nome incompleto/senha e email" library="Cad.usuario">
<kw name="Input Text" library="SeleniumLibrary">
<arg>${ID_NOME}</arg>
<arg>${NOME_INCOMPLETO}</arg>
<doc>Types the given ``text`` into the text field identified by ``locator``.</doc>
<msg timestamp="20210322 10:58:14.126" level="INFO">Typing text 'Flavio' into text field 'id=name'.</msg>
<status status="PASS" starttime="20210322 10:58:14.124" endtime="20210322 10:58:14.242"/>
</kw>
<kw name="Input Text" library="SeleniumLibrary">
<arg>${ID_EMAIL}</arg>
<arg>${EMAIL_COMPLETO}</arg>
<doc>Types the given ``text`` into the text field identified by ``locator``.</doc>
<msg timestamp="20210322 10:58:14.243" level="INFO">Typing text 'flavio_prazeres@outlook.com' into text field 'id=email'.</msg>
<status status="PASS" starttime="20210322 10:58:14.243" endtime="20210322 10:58:14.386"/>
</kw>
<kw name="Input Text" library="SeleniumLibrary">
<arg>${ID_SENHA}</arg>
<arg>${SENHA_COMPLETA}</arg>
<doc>Types the given ``text`` into the text field identified by ``locator``.</doc>
<msg timestamp="20210322 10:58:14.386" level="INFO">Typing text '12345678' into text field 'id=password'.</msg>
<status status="PASS" starttime="20210322 10:58:14.386" endtime="20210322 10:58:14.489"/>
</kw>
<kw name="Click Element" library="SeleniumLibrary">
<arg>${BOTAO_CADASTRAR}</arg>
<doc>Click the element identified by ``locator``.</doc>
<msg timestamp="20210322 10:58:14.490" level="INFO">Clicking element 'id=register'.</msg>
<status status="PASS" starttime="20210322 10:58:14.490" endtime="20210322 10:58:14.546"/>
</kw>
<status status="PASS" starttime="20210322 10:58:14.124" endtime="20210322 10:58:14.546"/>
</kw>
<kw name="Então o sistema deve verificar mensagem de erro: &quot;Por favor, insira um nome completo.&quot;" library="Cad.usuario">
<kw name="Wait Until Element Is Visible" library="SeleniumLibrary">
<arg>${NOME_ERRO_INC}</arg>
<doc>Waits until the element ``locator`` is visible.</doc>
<status status="PASS" starttime="20210322 10:58:14.548" endtime="20210322 10:58:14.578"/>
</kw>
<status status="PASS" starttime="20210322 10:58:14.547" endtime="20210322 10:58:14.578"/>
</kw>
<status status="PASS" starttime="20210322 10:58:10.189" endtime="20210322 10:58:14.580"/>
</test>
<test id="s1-t7" name="Cenário 07: Cadastrar usuário com e-mail inválido">
<kw name="Abrir navegador" library="Cad.usuario" type="SETUP">
<kw name="Open Browser" library="SeleniumLibrary">
<arg>${URL}</arg>
<arg>${BROWSER}</arg>
<doc>Opens a new browser instance to the optional ``url``.</doc>
<msg timestamp="20210322 10:58:14.584" level="INFO">Opening browser 'chrome' to base url 'http://prova.stefanini-jgr.com.br/teste/qa/'.</msg>
<status status="PASS" starttime="20210322 10:58:14.584" endtime="20210322 10:58:18.553"/>
</kw>
<status status="PASS" starttime="20210322 10:58:14.583" endtime="20210322 10:58:18.554"/>
</kw>
<kw name="Dado que estou na página de cadastro 7" library="Cad.usuario">
<kw name="Go To" library="SeleniumLibrary">
<arg>${URL}</arg>
<doc>Navigates the current browser window to the provided ``url``.</doc>
<msg timestamp="20210322 10:58:18.555" level="INFO">Opening url 'http://prova.stefanini-jgr.com.br/teste/qa/'</msg>
<status status="PASS" starttime="20210322 10:58:18.555" endtime="20210322 10:58:18.746"/>
</kw>
<status status="PASS" starttime="20210322 10:58:18.554" endtime="20210322 10:58:18.747"/>
</kw>
<kw name="Quando insiro nome/e-mail inválido e senha" library="Cad.usuario">
<kw name="Input Text" library="SeleniumLibrary">
<arg>${ID_NOME}</arg>
<arg>${NOME_COMPLETO}</arg>
<doc>Types the given ``text`` into the text field identified by ``locator``.</doc>
<msg timestamp="20210322 10:58:18.749" level="INFO">Typing text 'Flavio Prazeres' into text field 'id=name'.</msg>
<status status="PASS" starttime="20210322 10:58:18.748" endtime="20210322 10:58:18.870"/>
</kw>
<kw name="Input Text" library="SeleniumLibrary">
<arg>${ID_EMAIL}</arg>
<arg>${EMAIL_INV}</arg>
<doc>Types the given ``text`` into the text field identified by ``locator``.</doc>
<msg timestamp="20210322 10:58:18.870" level="INFO">Typing text 'flavio_prazereshotmail.com' into text field 'id=email'.</msg>
<status status="PASS" starttime="20210322 10:58:18.870" endtime="20210322 10:58:18.995"/>
</kw>
<kw name="Input Text" library="SeleniumLibrary">
<arg>${ID_SENHA}</arg>
<arg>${SENHA_COMPLETA}</arg>
<doc>Types the given ``text`` into the text field identified by ``locator``.</doc>
<msg timestamp="20210322 10:58:18.995" level="INFO">Typing text '12345678' into text field 'id=password'.</msg>
<status status="PASS" starttime="20210322 10:58:18.995" endtime="20210322 10:58:19.083"/>
</kw>
<kw name="Click Element" library="SeleniumLibrary">
<arg>${BOTAO_CADASTRAR}</arg>
<doc>Click the element identified by ``locator``.</doc>
<msg timestamp="20210322 10:58:19.083" level="INFO">Clicking element 'id=register'.</msg>
<status status="PASS" starttime="20210322 10:58:19.083" endtime="20210322 10:58:19.142"/>
</kw>
<status status="PASS" starttime="20210322 10:58:18.747" endtime="20210322 10:58:19.142"/>
</kw>
<kw name="Então o sistema deve verificar mensagem de erro: &quot;Por favor, insira um e-mail válido.&quot;" library="Cad.usuario">
<kw name="Wait Until Element Is Visible" library="SeleniumLibrary">
<arg>${EMAIL_ERRO_VAL}</arg>
<doc>Waits until the element ``locator`` is visible.</doc>
<status status="PASS" starttime="20210322 10:58:19.143" endtime="20210322 10:58:19.172"/>
</kw>
<status status="PASS" starttime="20210322 10:58:19.143" endtime="20210322 10:58:19.172"/>
</kw>
<status status="PASS" starttime="20210322 10:58:14.582" endtime="20210322 10:58:19.173"/>
</test>
<test id="s1-t8" name="Cenário 08: Cadastrar usuário senha com ao menos 8 caracteres">
<kw name="Abrir navegador" library="Cad.usuario" type="SETUP">
<kw name="Open Browser" library="SeleniumLibrary">
<arg>${URL}</arg>
<arg>${BROWSER}</arg>
<doc>Opens a new browser instance to the optional ``url``.</doc>
<msg timestamp="20210322 10:58:19.177" level="INFO">Opening browser 'chrome' to base url 'http://prova.stefanini-jgr.com.br/teste/qa/'.</msg>
<status status="PASS" starttime="20210322 10:58:19.176" endtime="20210322 10:58:22.875"/>
</kw>
<status status="PASS" starttime="20210322 10:58:19.176" endtime="20210322 10:58:22.875"/>
</kw>
<kw name="Dado que estou na página de cadastro 8" library="Cad.usuario">
<kw name="Go To" library="SeleniumLibrary">
<arg>${URL}</arg>
<doc>Navigates the current browser window to the provided ``url``.</doc>
<msg timestamp="20210322 10:58:22.877" level="INFO">Opening url 'http://prova.stefanini-jgr.com.br/teste/qa/'</msg>
<status status="PASS" starttime="20210322 10:58:22.876" endtime="20210322 10:58:23.087"/>
</kw>
<status status="PASS" starttime="20210322 10:58:22.876" endtime="20210322 10:58:23.087"/>
</kw>
<kw name="Quando insiro nome/e-mail e senha com menos de 8 caracteres" library="Cad.usuario">
<kw name="Input Text" library="SeleniumLibrary">
<arg>${ID_NOME}</arg>
<arg>${NOME_COMPLETO}</arg>
<doc>Types the given ``text`` into the text field identified by ``locator``.</doc>
<msg timestamp="20210322 10:58:23.093" level="INFO">Typing text 'Flavio Prazeres' into text field 'id=name'.</msg>
<status status="PASS" starttime="20210322 10:58:23.092" endtime="20210322 10:58:23.262"/>
</kw>
<kw name="Input Text" library="SeleniumLibrary">
<arg>${ID_EMAIL}</arg>
<arg>${EMAIL_COMPLETO}</arg>
<doc>Types the given ``text`` into the text field identified by ``locator``.</doc>
<msg timestamp="20210322 10:58:23.262" level="INFO">Typing text 'flavio_prazeres@outlook.com' into text field 'id=email'.</msg>
<status status="PASS" starttime="20210322 10:58:23.262" endtime="20210322 10:58:23.446"/>
</kw>
<kw name="Input Text" library="SeleniumLibrary">
<arg>${ID_SENHA}</arg>
<arg>${SENHA_INC}</arg>
<doc>Types the given ``text`` into the text field identified by ``locator``.</doc>
<msg timestamp="20210322 10:58:23.446" level="INFO">Typing text '1234567' into text field 'id=password'.</msg>
<status status="PASS" starttime="20210322 10:58:23.446" endtime="20210322 10:58:23.567"/>
</kw>
<kw name="Click Element" library="SeleniumLibrary">
<arg>${BOTAO_CADASTRAR}</arg>
<doc>Click the element identified by ``locator``.</doc>
<msg timestamp="20210322 10:58:23.567" level="INFO">Clicking element 'id=register'.</msg>
<status status="PASS" starttime="20210322 10:58:23.567" endtime="20210322 10:58:23.641"/>
</kw>
<status status="PASS" starttime="20210322 10:58:23.092" endtime="20210322 10:58:23.641"/>
</kw>
<kw name="Então o sistema deve verificar mensagem de erro: &quot;A senha deve conter ao menos 8 caracteres.&quot;" library="Cad.usuario">
<kw name="Wait Until Element Is Visible" library="SeleniumLibrary">
<arg>${SENHA_ERRO_INC}</arg>
<doc>Waits until the element ``locator`` is visible.</doc>
<status status="PASS" starttime="20210322 10:58:23.643" endtime="20210322 10:58:23.685"/>
</kw>
<status status="PASS" starttime="20210322 10:58:23.643" endtime="20210322 10:58:23.685"/>
</kw>
<status status="PASS" starttime="20210322 10:58:19.175" endtime="20210322 10:58:23.686"/>
</test>
<test id="s1-t9" name="Cenário 09: Cadastrar usuário com sucesso">
<kw name="Abrir navegador" library="Cad.usuario" type="SETUP">
<kw name="Open Browser" library="SeleniumLibrary">
<arg>${URL}</arg>
<arg>${BROWSER}</arg>
<doc>Opens a new browser instance to the optional ``url``.</doc>
<msg timestamp="20210322 10:58:23.690" level="INFO">Opening browser 'chrome' to base url 'http://prova.stefanini-jgr.com.br/teste/qa/'.</msg>
<status status="PASS" starttime="20210322 10:58:23.689" endtime="20210322 10:58:27.679"/>
</kw>
<status status="PASS" starttime="20210322 10:58:23.689" endtime="20210322 10:58:27.680"/>
</kw>
<kw name="Dado que estou na página de cadastro 9" library="Cad.usuario">
<kw name="Go To" library="SeleniumLibrary">
<arg>${URL}</arg>
<doc>Navigates the current browser window to the provided ``url``.</doc>
<msg timestamp="20210322 10:58:27.681" level="INFO">Opening url 'http://prova.stefanini-jgr.com.br/teste/qa/'</msg>
<status status="PASS" starttime="20210322 10:58:27.681" endtime="20210322 10:58:27.963"/>
</kw>
<status status="PASS" starttime="20210322 10:58:27.680" endtime="20210322 10:58:27.964"/>
</kw>
<kw name="Quando insiro nome/senha e email válidos" library="Cad.usuario">
<kw name="Input Text" library="SeleniumLibrary">
<arg>${ID_NOME}</arg>
<arg>${NOME_COMPLETO}</arg>
<doc>Types the given ``text`` into the text field identified by ``locator``.</doc>
<msg timestamp="20210322 10:58:27.966" level="INFO">Typing text 'Flavio Prazeres' into text field 'id=name'.</msg>
<status status="PASS" starttime="20210322 10:58:27.965" endtime="20210322 10:58:28.155"/>
</kw>
<kw name="Input Text" library="SeleniumLibrary">
<arg>${ID_EMAIL}</arg>
<arg>${EMAIL_COMPLETO}</arg>
<doc>Types the given ``text`` into the text field identified by ``locator``.</doc>
<msg timestamp="20210322 10:58:28.156" level="INFO">Typing text 'flavio_prazeres@outlook.com' into text field 'id=email'.</msg>
<status status="PASS" starttime="20210322 10:58:28.155" endtime="20210322 10:58:28.313"/>
</kw>
<kw name="Input Text" library="SeleniumLibrary">
<arg>${ID_SENHA}</arg>
<arg>${SENHA_COMPLETA}</arg>
<doc>Types the given ``text`` into the text field identified by ``locator``.</doc>
<msg timestamp="20210322 10:58:28.313" level="INFO">Typing text '12345678' into text field 'id=password'.</msg>
<status status="PASS" starttime="20210322 10:58:28.313" endtime="20210322 10:58:28.432"/>
</kw>
<kw name="Click Element" library="SeleniumLibrary">
<arg>${BOTAO_CADASTRAR}</arg>
<doc>Click the element identified by ``locator``.</doc>
<msg timestamp="20210322 10:58:28.433" level="INFO">Clicking element 'id=register'.</msg>
<status status="PASS" starttime="20210322 10:58:28.433" endtime="20210322 10:58:28.507"/>
</kw>
<kw name="Input Text" library="SeleniumLibrary">
<arg>${ID_NOME}</arg>
<arg>${NOME_COMPLETO_2}</arg>
<doc>Types the given ``text`` into the text field identified by ``locator``.</doc>
<msg timestamp="20210322 10:58:28.508" level="INFO">Typing text 'João Silva' into text field 'id=name'.</msg>
<status status="PASS" starttime="20210322 10:58:28.507" endtime="20210322 10:58:28.599"/>
</kw>
<kw name="Input Text" library="SeleniumLibrary">
<arg>${ID_EMAIL}</arg>
<arg>${EMAIL_COMPLETO_2}</arg>
<doc>Types the given ``text`` into the text field identified by ``locator``.</doc>
<msg timestamp="20210322 10:58:28.600" level="INFO">Typing text 'j.silva145@hotmail.com' into text field 'id=email'.</msg>
<status status="PASS" starttime="20210322 10:58:28.600" endtime="20210322 10:58:28.708"/>
</kw>
<kw name="Input Text" library="SeleniumLibrary">
<arg>${ID_SENHA}</arg>
<arg>${SENHA_COMPLETA}</arg>
<doc>Types the given ``text`` into the text field identified by ``locator``.</doc>
<msg timestamp="20210322 10:58:28.709" level="INFO">Typing text '12345678' into text field 'id=password'.</msg>
<status status="PASS" starttime="20210322 10:58:28.708" endtime="20210322 10:58:28.788"/>
</kw>
<kw name="Click Element" library="SeleniumLibrary">
<arg>${BOTAO_CADASTRAR}</arg>
<doc>Click the element identified by ``locator``.</doc>
<msg timestamp="20210322 10:58:28.789" level="INFO">Clicking element 'id=register'.</msg>
<status status="PASS" starttime="20210322 10:58:28.788" endtime="20210322 10:58:28.832"/>
</kw>
<kw name="Input Text" library="SeleniumLibrary">
<arg>${ID_NOME}</arg>
<arg>${NOME_COMPLETO_3}</arg>
<doc>Types the given ``text`` into the text field identified by ``locator``.</doc>
<msg timestamp="20210322 10:58:28.833" level="INFO">Typing text 'Pedro Batista' into text field 'id=name'.</msg>
<status status="PASS" starttime="20210322 10:58:28.833" endtime="20210322 10:58:28.928"/>
</kw>
<kw name="Input Text" library="SeleniumLibrary">
<arg>${ID_EMAIL}</arg>
<arg>${EMAIL_COMPLETO_3}</arg>
<doc>Types the given ``text`` into the text field identified by ``locator``.</doc>
<msg timestamp="20210322 10:58:28.928" level="INFO">Typing text 'pedro.bat@gmail.com' into text field 'id=email'.</msg>
<status status="PASS" starttime="20210322 10:58:28.928" endtime="20210322 10:58:29.044"/>
</kw>
<kw name="Input Text" library="SeleniumLibrary">
<arg>${ID_SENHA}</arg>
<arg>${SENHA_COMPLETA}</arg>
<doc>Types the given ``text`` into the text field identified by ``locator``.</doc>
<msg timestamp="20210322 10:58:29.045" level="INFO">Typing text '12345678' into text field 'id=password'.</msg>
<status status="PASS" starttime="20210322 10:58:29.044" endtime="20210322 10:58:29.131"/>
</kw>
<kw name="Click Element" library="SeleniumLibrary">
<arg>${BOTAO_CADASTRAR}</arg>
<doc>Click the element identified by ``locator``.</doc>
<msg timestamp="20210322 10:58:29.132" level="INFO">Clicking element 'id=register'.</msg>
<status status="PASS" starttime="20210322 10:58:29.131" endtime="20210322 10:58:29.174"/>
</kw>
<kw name="Click Element" library="SeleniumLibrary">
<arg>${BOTAO_EXCLUIR}</arg>
<doc>Click the element identified by ``locator``.</doc>
<msg timestamp="20210322 10:58:29.174" level="INFO">Clicking element '//*[@id="removeUser2"]'.</msg>
<status status="PASS" starttime="20210322 10:58:29.174" endtime="20210322 10:58:29.238"/>
</kw>
<status status="PASS" starttime="20210322 10:58:27.965" endtime="20210322 10:58:29.239"/>
</kw>
<kw name="Então o sistema deve verificar usuario cadastrado" library="Cad.usuario">
<kw name="Wait Until Element Is Visible" library="SeleniumLibrary">
<arg>${ID_CADASTRO}</arg>
<doc>Waits until the element ``locator`` is visible.</doc>
<status status="PASS" starttime="20210322 10:58:29.240" endtime="20210322 10:58:29.277"/>
</kw>
<kw name="Wait Until Element Is Visible" library="SeleniumLibrary">
<arg>${ID_CADASTRO_NOME}</arg>
<doc>Waits until the element ``locator`` is visible.</doc>
<status status="PASS" starttime="20210322 10:58:29.278" endtime="20210322 10:58:29.313"/>
</kw>
<kw name="Wait Until Element Is Visible" library="SeleniumLibrary">
<arg>${ID_CADASTRO_EMAIL}</arg>
<doc>Waits until the element ``locator`` is visible.</doc>
<status status="PASS" starttime="20210322 10:58:29.313" endtime="20210322 10:58:29.342"/>
</kw>
<kw name="Wait Until Element Is Visible" library="SeleniumLibrary">
<arg>${ID_EXCLUIR}</arg>
<doc>Waits until the element ``locator`` is visible.</doc>
<status status="PASS" starttime="20210322 10:58:29.342" endtime="20210322 10:58:29.371"/>
</kw>
<status status="PASS" starttime="20210322 10:58:29.239" endtime="20210322 10:58:29.371"/>
</kw>
<status status="PASS" starttime="20210322 10:58:23.688" endtime="20210322 10:58:29.372"/>
</test>
<status status="PASS" starttime="20210322 10:57:43.497" endtime="20210322 10:58:29.374"/>
</suite>
<statistics>
<total>
<stat pass="9" fail="0" skip="0">All Tests</stat>
</total>
<tag>
</tag>
<suite>
<stat pass="9" fail="0" skip="0" id="s1" name="CadastrarUsuario">CadastrarUsuario</stat>
</suite>
</statistics>
<errors>
</errors>
</robot>
